{"level":"info","message":"Data found./users200127.0.0.1","timestamp":"06:42:21 07-01-2024"}
{"level":"error","message":"Invalid request.[Key: 'UserCreateInput.Password' Error:Field validation for 'Password' failed on the 'required' tag]/users400127.0.0.1","timestamp":"06:42:45 07-01-2024"}
{"level":"info","message":"Data found./users/1200127.0.0.1","timestamp":"06:48:52 07-01-2024"}
{"level":"error","message":"Data not found.[record not found]/users/10404127.0.0.1","timestamp":"06:49:04 07-01-2024"}
{"level":"info","message":"Data found./users/2200127.0.0.1","timestamp":"06:49:14 07-01-2024"}
{"level":"info","message":"Successfully updated data./users/2200127.0.0.1","timestamp":"06:52:05 07-01-2024"}
{"level":"info","message":"Successfully created new data./users201127.0.0.1","timestamp":"06:54:52 07-01-2024"}
{"level":"info","message":"Data found./users200127.0.0.1","timestamp":"06:54:59 07-01-2024"}
{"level":"error","message":"Invalid request.[Key: 'UserUpdateInput.Email' Error:Field validation for 'Email' failed on the 'email' tag]/users/3400127.0.0.1","timestamp":"06:55:18 07-01-2024"}
{"level":"info","message":"Successfully updated data./users/3200127.0.0.1","timestamp":"06:56:12 07-01-2024"}
{"level":"error","message":"Invalid request.[strconv.ParseInt: parsing \"2]3\": invalid syntax]/users/2]3400127.0.0.1","timestamp":"06:56:43 07-01-2024"}
{"level":"info","message":"Data found./users/3200127.0.0.1","timestamp":"06:56:49 07-01-2024"}
{"level":"info","message":"Successfully deleted data./users/30204127.0.0.1","timestamp":"06:59:39 07-01-2024"}
{"level":"info","message":"Successfully deleted data./users/30200127.0.0.1","timestamp":"07:01:32 07-01-2024"}
{"level":"info","message":"Successfully deleted data./users/3200127.0.0.1","timestamp":"07:01:40 07-01-2024"}
{"level":"info","message":"Successfully updated data./users/300200127.0.0.1","timestamp":"07:04:12 07-01-2024"}
{"level":"error","message":"Failed to update data.[record not found]/users/300400127.0.0.1","timestamp":"07:05:41 07-01-2024"}
{"level":"info","message":"Successfully created new data./users201127.0.0.1","timestamp":"07:06:11 07-01-2024"}
{"level":"error","message":"Failed to delete data.[record not found]/users/3400127.0.0.1","timestamp":"07:06:21 07-01-2024"}
{"level":"info","message":"Successfully deleted data./users/4200127.0.0.1","timestamp":"07:06:28 07-01-2024"}
{"level":"info","message":"Successfully created new data./users201127.0.0.1","timestamp":"07:07:23 07-01-2024"}
{"level":"error","message":"Invalid request.[Error 1062 (23000): Duplicate entry 'IrmaFit@gmail.com' for key 'users.email']/users400127.0.0.1","timestamp":"07:07:32 07-01-2024"}
